# JRE version: OpenJDK Runtime Environment Microsoft-8035250 (11.0.20+8) (build 11.0.20+8-LTS)
# Java VM: OpenJDK 64-Bit Server VM Microsoft-8035250 (11.0.20+8-LTS, mixed mode, tiered, compressed oops, g1 gc, windows-amd64)
Heap:
 garbage-first heap   total 262144K, used 186920K [0x0000000080000000, 0x0000000100000000)
  region size 1024K, 132 young (135168K), 19 survivors (19456K)
 Metaspace       used 84811K, capacity 87385K, committed 87588K, reserved 591872K
  class space    used 10989K, capacity 12024K, committed 12120K, reserved 516096K
GC Heap History (20 events):
Event: 1.001 GC heap before
{Heap before GC invocations=0 (full 0):
 garbage-first heap   total 262144K, used 27648K [0x0000000080000000, 0x0000000100000000)
  region size 1024K, 24 young (24576K), 0 survivors (0K)
 Metaspace       used 10113K, capacity 10324K, committed 10624K, reserved 526336K
  class space    used 1028K, capacity 1105K, committed 1152K, reserved 516096K
}
Event: 1.006 GC heap after
{Heap after GC invocations=1 (full 0):
 garbage-first heap   total 262144K, used 10404K [0x0000000080000000, 0x0000000100000000)
  region size 1024K, 3 young (3072K), 3 survivors (3072K)
 Metaspace       used 10113K, capacity 10324K, committed 10624K, reserved 526336K
  class space    used 1028K, capacity 1105K, committed 1152K, reserved 516096K
}
Event: 3.152 GC heap before
{Heap before GC invocations=1 (full 0):
 garbage-first heap   total 262144K, used 95396K [0x0000000080000000, 0x0000000100000000)
  region size 1024K, 86 young (88064K), 3 survivors (3072K)
 Metaspace       used 20478K, capacity 21001K, committed 21248K, reserved 536576K
  class space    used 2397K, capacity 2545K, committed 2560K, reserved 516096K
}
Event: 3.160 GC heap after
{Heap after GC invocations=2 (full 0):
 garbage-first heap   total 262144K, used 18134K [0x0000000080000000, 0x0000000100000000)
  region size 1024K, 11 young (11264K), 11 survivors (11264K)
 Metaspace       used 20478K, capacity 21001K, committed 21248K, reserved 536576K
  class space    used 2397K, capacity 2545K, committed 2560K, reserved 516096K
}
Event: 3.320 GC heap before
{Heap before GC invocations=3 (full 0):
 garbage-first heap   total 262144K, used 30422K [0x0000000080000000, 0x0000000100000000)
  region size 1024K, 24 young (24576K), 11 survivors (11264K)
 Metaspace       used 21958K, capacity 22498K, committed 22528K, reserved 536576K
  class space    used 2628K, capacity 2790K, committed 2816K, reserved 516096K
}
Event: 3.326 GC heap after
{Heap after GC invocations=4 (full 0):
 garbage-first heap   total 262144K, used 18851K [0x0000000080000000, 0x0000000100000000)
  region size 1024K, 1 young (1024K), 1 survivors (1024K)
 Metaspace       used 21958K, capacity 22498K, committed 22528K, reserved 536576K
  class space    used 2628K, capacity 2790K, committed 2816K, reserved 516096K
}
Event: 4.221 GC heap before
{Heap before GC invocations=4 (full 0):
 garbage-first heap   total 262144K, used 107939K [0x0000000080000000, 0x0000000100000000)
  region size 1024K, 88 young (90112K), 1 survivors (1024K)
 Metaspace       used 29850K, capacity 30654K, committed 30848K, reserved 542720K
  class space    used 3878K, capacity 4177K, committed 4224K, reserved 516096K
}
Event: 4.224 GC heap after
{Heap after GC invocations=5 (full 0):
 garbage-first heap   total 262144K, used 21611K [0x0000000080000000, 0x0000000100000000)
  region size 1024K, 4 young (4096K), 4 survivors (4096K)
 Metaspace       used 29850K, capacity 30654K, committed 30848K, reserved 542720K
  class space    used 3878K, capacity 4177K, committed 4224K, reserved 516096K
}
Event: 4.719 GC heap before
{Heap before GC invocations=5 (full 0):
 garbage-first heap   total 262144K, used 53355K [0x0000000080000000, 0x0000000100000000)
  region size 1024K, 36 young (36864K), 4 survivors (4096K)
 Metaspace       used 34580K, capacity 35430K, committed 35584K, reserved 546816K
  class space    used 4429K, capacity 4750K, committed 4864K, reserved 516096K
}
Event: 4.727 GC heap after
{Heap after GC invocations=6 (full 0):
 garbage-first heap   total 262144K, used 23742K [0x0000000080000000, 0x0000000100000000)
  region size 1024K, 6 young (6144K), 6 survivors (6144K)
 Metaspace       used 34580K, capacity 35430K, committed 35584K, reserved 546816K
  class space    used 4429K, capacity 4750K, committed 4864K, reserved 516096K
}
Event: 11.237 GC heap before
{Heap before GC invocations=7 (full 0):
 garbage-first heap   total 262144K, used 140478K [0x0000000080000000, 0x0000000100000000)
  region size 1024K, 117 young (119808K), 6 survivors (6144K)
 Metaspace       used 44182K, capacity 45322K, committed 45440K, reserved 557056K
  class space    used 5516K, capacity 6008K, committed 6016K, reserved 516096K
}
Event: 11.248 GC heap after
{Heap after GC invocations=8 (full 0):
 garbage-first heap   total 262144K, used 31732K [0x0000000080000000, 0x0000000100000000)
  region size 1024K, 14 young (14336K), 14 survivors (14336K)
 Metaspace       used 44182K, capacity 45322K, committed 45440K, reserved 557056K
  class space    used 5516K, capacity 6008K, committed 6016K, reserved 516096K
}
Event: 12.696 GC heap before
{Heap before GC invocations=8 (full 0):
 garbage-first heap   total 262144K, used 159732K [0x0000000080000000, 0x0000000100000000)
  region size 1024K, 134 young (137216K), 14 survivors (14336K)
 Metaspace       used 54110K, capacity 55689K, committed 55808K, reserved 565248K
  class space    used 6937K, capacity 7589K, committed 7680K, reserved 516096K
}
Event: 12.709 GC heap after
{Heap after GC invocations=9 (full 0):
 garbage-first heap   total 262144K, used 43302K [0x0000000080000000, 0x0000000100000000)
  region size 1024K, 14 young (14336K), 14 survivors (14336K)
 Metaspace       used 54110K, capacity 55689K, committed 55808K, reserved 565248K
  class space    used 6937K, capacity 7589K, committed 7680K, reserved 516096K
}
Event: 13.302 GC heap before
{Heap before GC invocations=9 (full 0):
 garbage-first heap   total 262144K, used 84262K [0x0000000080000000, 0x0000000100000000)
  region size 1024K, 55 young (56320K), 14 survivors (14336K)
 Metaspace       used 57829K, capacity 59570K, committed 59736K, reserved 569344K
  class space    used 7512K, capacity 8225K, committed 8280K, reserved 516096K
}
Event: 13.318 GC heap after
{Heap after GC invocations=10 (full 0):
 garbage-first heap   total 262144K, used 45191K [0x0000000080000000, 0x0000000100000000)
  region size 1024K, 9 young (9216K), 9 survivors (9216K)
 Metaspace       used 57829K, capacity 59570K, committed 59736K, reserved 569344K
  class space    used 7512K, capacity 8225K, committed 8280K, reserved 516096K
}
Event: 14.677 GC heap before
{Heap before GC invocations=11 (full 0):
 garbage-first heap   total 262144K, used 189575K [0x0000000080000000, 0x0000000100000000)
  region size 1024K, 150 young (153600K), 9 survivors (9216K)
 Metaspace       used 67868K, capacity 69930K, committed 70180K, reserved 577536K
  class space    used 8868K, capacity 9720K, committed 9816K, reserved 516096K
}
Event: 14.687 GC heap after
{Heap after GC invocations=12 (full 0):
 garbage-first heap   total 262144K, used 51259K [0x0000000080000000, 0x0000000100000000)
  region size 1024K, 15 young (15360K), 15 survivors (15360K)
 Metaspace       used 67868K, capacity 69930K, committed 70180K, reserved 577536K
  class space    used 8868K, capacity 9720K, committed 9816K, reserved 516096K
}
Event: 16.538 GC heap before
{Heap before GC invocations=12 (full 0):
 garbage-first heap   total 262144K, used 193595K [0x0000000080000000, 0x0000000100000000)
  region size 1024K, 153 young (156672K), 15 survivors (15360K)
 Metaspace       used 77841K, capacity 80291K, committed 80548K, reserved 585728K
  class space    used 10080K, capacity 11083K, committed 11224K, reserved 516096K
}
Event: 16.551 GC heap after
{Heap after GC invocations=13 (full 0):
 garbage-first heap   total 262144K, used 64040K [0x0000000080000000, 0x0000000100000000)
  region size 1024K, 19 young (19456K), 19 survivors (19456K)
 Metaspace       used 77841K, capacity 80291K, committed 80548K, reserved 585728K
  class space    used 10080K, capacity 11083K, committed 11224K, reserved 516096K
}

